This is pdfTeX, Version 3.141592653-2.6-1.40.22 (TeX Live 2022/dev/Debian) (preloaded format=pdflatex 2023.6.10)  10 JUN 2023 19:01
entering extended mode
 restricted \write18 enabled.
 %&-line parsing enabled.
**principal.tex
(./principal.tex
LaTeX2e <2021-11-15> patch level 1
L3 programming layer <2022-01-21> (./prefix.tex
(/usr/share/texlive/texmf-dist/tex/latex/base/book.cls
Document Class: book 2021/10/04 v1.4n Standard LaTeX document class
(/usr/share/texlive/texmf-dist/tex/latex/base/bk10.clo
File: bk10.clo 2021/10/04 v1.4n Standard LaTeX file (size option)
)
\c@part=\count185
\c@chapter=\count186
\c@section=\count187
\c@subsection=\count188
\c@subsubsection=\count189
\c@paragraph=\count190
\c@subparagraph=\count191
\c@figure=\count192
\c@table=\count193
\abovecaptionskip=\skip47
\belowcaptionskip=\skip48
\bibindent=\dimen138
)
(/usr/share/texlive/texmf-dist/tex/generic/babel/babel.sty
Package: babel 2022/01/26 3.70 The Babel package
\babel@savecnt=\count194
\U@D=\dimen139
\l@unhyphenated=\language7

(/usr/share/texlive/texmf-dist/tex/generic/babel/txtbabel.def)
\bbl@readstream=\read2
\bbl@dirlevel=\count195

(/usr/share/texlive/texmf-dist/tex/generic/babel-english/english.ldf
Language: english 2017/06/06 v3.3r English support from the babel system
Package babel Info: Hyphen rules for 'british' set to \l@english
(babel)             (\language0). Reported on input line 82.
Package babel Info: Hyphen rules for 'UKenglish' set to \l@english
(babel)             (\language0). Reported on input line 83.
Package babel Info: Hyphen rules for 'canadian' set to \l@english
(babel)             (\language0). Reported on input line 102.
Package babel Info: Hyphen rules for 'australian' set to \l@english
(babel)             (\language0). Reported on input line 105.
Package babel Info: Hyphen rules for 'newzealand' set to \l@english
(babel)             (\language0). Reported on input line 108.
))
(/usr/share/texlive/texmf-dist/tex/latex/hyperref/hyperref.sty
Package: hyperref 2021-06-07 v7.00m Hypertext links for LaTeX

(/usr/share/texlive/texmf-dist/tex/generic/ltxcmds/ltxcmds.sty
Package: ltxcmds 2020-05-10 v1.25 LaTeX kernel commands for general use (HO)
)
(/usr/share/texlive/texmf-dist/tex/generic/iftex/iftex.sty
Package: iftex 2020/03/06 v1.0d TeX engine tests
)
(/usr/share/texlive/texmf-dist/tex/generic/pdftexcmds/pdftexcmds.sty
Package: pdftexcmds 2020-06-27 v0.33 Utility functions of pdfTeX for LuaTeX (HO
)

(/usr/share/texlive/texmf-dist/tex/generic/infwarerr/infwarerr.sty
Package: infwarerr 2019/12/03 v1.5 Providing info/warning/error messages (HO)
)
Package pdftexcmds Info: \pdf@primitive is available.
Package pdftexcmds Info: \pdf@ifprimitive is available.
Package pdftexcmds Info: \pdfdraftmode found.
)
(/usr/share/texlive/texmf-dist/tex/latex/graphics/keyval.sty
Package: keyval 2014/10/28 v1.15 key=value parser (DPC)
\KV@toks@=\toks16
)
(/usr/share/texlive/texmf-dist/tex/generic/kvsetkeys/kvsetkeys.sty
Package: kvsetkeys 2019/12/15 v1.18 Key value parser (HO)
)
(/usr/share/texlive/texmf-dist/tex/generic/kvdefinekeys/kvdefinekeys.sty
Package: kvdefinekeys 2019-12-19 v1.6 Define keys (HO)
)
(/usr/share/texlive/texmf-dist/tex/generic/pdfescape/pdfescape.sty
Package: pdfescape 2019/12/09 v1.15 Implements pdfTeX's escape features (HO)
)
(/usr/share/texlive/texmf-dist/tex/latex/hycolor/hycolor.sty
Package: hycolor 2020-01-27 v1.10 Color options for hyperref/bookmark (HO)
)
(/usr/share/texlive/texmf-dist/tex/latex/letltxmacro/letltxmacro.sty
Package: letltxmacro 2019/12/03 v1.6 Let assignment for LaTeX macros (HO)
)
(/usr/share/texlive/texmf-dist/tex/latex/auxhook/auxhook.sty
Package: auxhook 2019-12-17 v1.6 Hooks for auxiliary files (HO)
)
(/usr/share/texlive/texmf-dist/tex/latex/kvoptions/kvoptions.sty
Package: kvoptions 2020-10-07 v3.14 Key value format for package options (HO)
)
\@linkdim=\dimen140
\Hy@linkcounter=\count196
\Hy@pagecounter=\count197

(/usr/share/texlive/texmf-dist/tex/latex/hyperref/pd1enc.def
File: pd1enc.def 2021-06-07 v7.00m Hyperref: PDFDocEncoding definition (HO)
Now handling font encoding PD1 ...
... no UTF-8 mapping file for font encoding PD1
)
(/usr/share/texlive/texmf-dist/tex/latex/hyperref/hyperref-langpatches.def
File: hyperref-langpatches.def 2021-06-07 v7.00m Hyperref: patches for babel la
nguages
)
(/usr/share/texlive/texmf-dist/tex/generic/intcalc/intcalc.sty
Package: intcalc 2019/12/15 v1.3 Expandable calculations with integers (HO)
)
(/usr/share/texlive/texmf-dist/tex/generic/etexcmds/etexcmds.sty
Package: etexcmds 2019/12/15 v1.7 Avoid name clashes with e-TeX commands (HO)
)
\Hy@SavedSpaceFactor=\count198

(/usr/share/texlive/texmf-dist/tex/latex/hyperref/puenc.def
File: puenc.def 2021-06-07 v7.00m Hyperref: PDF Unicode definition (HO)
Now handling font encoding PU ...
... no UTF-8 mapping file for font encoding PU
)
Package hyperref Info: Hyper figures OFF on input line 4192.
Package hyperref Info: Link nesting OFF on input line 4197.
Package hyperref Info: Hyper index ON on input line 4200.
Package hyperref Info: Plain pages OFF on input line 4207.
Package hyperref Info: Backreferencing OFF on input line 4212.
Package hyperref Info: Implicit mode ON; LaTeX internals redefined.
Package hyperref Info: Bookmarks ON on input line 4445.
\c@Hy@tempcnt=\count199

(/usr/share/texlive/texmf-dist/tex/latex/url/url.sty
\Urlmuskip=\muskip16
Package: url 2013/09/16  ver 3.4  Verb mode for urls, etc.
)
LaTeX Info: Redefining \url on input line 4804.
\XeTeXLinkMargin=\dimen141

(/usr/share/texlive/texmf-dist/tex/generic/bitset/bitset.sty
Package: bitset 2019/12/09 v1.3 Handle bit-vector datatype (HO)

(/usr/share/texlive/texmf-dist/tex/generic/bigintcalc/bigintcalc.sty
Package: bigintcalc 2019/12/15 v1.5 Expandable calculations on big integers (HO
)
))
\Fld@menulength=\count266
\Field@Width=\dimen142
\Fld@charsize=\dimen143
Package hyperref Info: Hyper figures OFF on input line 6076.
Package hyperref Info: Link nesting OFF on input line 6081.
Package hyperref Info: Hyper index ON on input line 6084.
Package hyperref Info: backreferencing OFF on input line 6091.
Package hyperref Info: Link coloring OFF on input line 6096.
Package hyperref Info: Link coloring with OCG OFF on input line 6101.
Package hyperref Info: PDF/A mode OFF on input line 6106.
LaTeX Info: Redefining \ref on input line 6146.
LaTeX Info: Redefining \pageref on input line 6150.

(/usr/share/texlive/texmf-dist/tex/latex/base/atbegshi-ltx.sty
Package: atbegshi-ltx 2021/01/10 v1.0c Emulation of the original atbegshi
package with kernel methods
)
\Hy@abspage=\count267
\c@Item=\count268
\c@Hfootnote=\count269
)
Package hyperref Info: Driver (autodetected): hpdftex.

(/usr/share/texlive/texmf-dist/tex/latex/hyperref/hpdftex.def
File: hpdftex.def 2021-06-07 v7.00m Hyperref driver for pdfTeX

(/usr/share/texlive/texmf-dist/tex/latex/base/atveryend-ltx.sty
Package: atveryend-ltx 2020/08/19 v1.0a Emulation of the original atveryend pac
kage
with kernel methods
)
\Fld@listcount=\count270
\c@bookmark@seq@number=\count271

(/usr/share/texlive/texmf-dist/tex/latex/rerunfilecheck/rerunfilecheck.sty
Package: rerunfilecheck 2019/12/05 v1.9 Rerun checks for auxiliary files (HO)

(/usr/share/texlive/texmf-dist/tex/generic/uniquecounter/uniquecounter.sty
Package: uniquecounter 2019/12/15 v1.4 Provide unlimited unique counter (HO)
)
Package uniquecounter Info: New unique counter `rerunfilecheck' on input line 2
86.
)
\Hy@SectionHShift=\skip49
)
(/usr/share/texlive/texmf-dist/tex/latex/base/inputenc.sty
Package: inputenc 2021/02/14 v1.3d Input encoding file
\inpenc@prehook=\toks17
\inpenc@posthook=\toks18
)
(/usr/share/texlive/texmf-dist/tex/latex/algorithm2e/algorithm2e.sty
Package: algorithm2e 2017/07/18 v5.2 algorithms environments
\c@AlgoLine=\count272

(/usr/share/texlive/texmf-dist/tex/latex/base/ifthen.sty
Package: ifthen 2020/11/24 v1.1c Standard LaTeX ifthen package (DPC)
)
\algocf@hangindent=\skip50

(/usr/share/texlive/texmf-dist/tex/latex/ifoddpage/ifoddpage.sty
Package: ifoddpage 2016/04/23 v1.1 Conditionals for odd/even page detection
\c@checkoddpage=\count273
)
(/usr/share/texlive/texmf-dist/tex/latex/tools/xspace.sty
Package: xspace 2014/10/28 v1.13 Space after command names (DPC,MH)
)
(/usr/share/texlive/texmf-dist/tex/latex/relsize/relsize.sty
Package: relsize 2013/03/29 ver 4.1
)
\skiptotal=\skip51
\skiplinenumber=\skip52
\skiprule=\skip53
\skiphlne=\skip54
\skiptext=\skip55
\skiplength=\skip56
\algomargin=\skip57
\skipalgocfslide=\skip58
\algowidth=\dimen144
\inoutsize=\dimen145
\inoutindent=\dimen146
\interspacetitleruled=\dimen147
\interspacealgoruled=\dimen148
\interspacetitleboxruled=\dimen149
\algocf@ruledwidth=\skip59
\algocf@inoutbox=\box50
\algocf@inputbox=\box51
\AlCapSkip=\skip60
\AlCapHSkip=\skip61
\algoskipindent=\skip62
\algocf@nlbox=\box52
\algocf@hangingbox=\box53
\algocf@untilbox=\box54
\algocf@skipuntil=\skip63
\algocf@capbox=\box55
\algocf@lcaptionbox=\skip64
\algoheightruledefault=\skip65
\algoheightrule=\skip66
\algotitleheightruledefault=\skip67
\algotitleheightrule=\skip68
\c@algocfline=\count274
\c@algocfproc=\count275
\c@algocf=\count276
\algocf@algoframe=\box56
\algocf@algobox=\box57
)
(/usr/share/texlive/texmf-dist/tex/latex/appendix/appendix.sty
Package: appendix 2020/02/08 v1.2c extra appendix facilities
\c@@pps=\count277
\c@@ppsavesec=\count278
\c@@ppsaveapp=\count279
)
(/usr/share/texlive/texmf-dist/tex/latex/caption/caption.sty
Package: caption 2020/10/26 v3.5g Customizing captions (AR)

(/usr/share/texlive/texmf-dist/tex/latex/caption/caption3.sty
Package: caption3 2020/10/21 v2.2e caption3 kernel (AR)
\captionmargin=\dimen150
\captionmargin@=\dimen151
\captionwidth=\dimen152
\caption@tempdima=\dimen153
\caption@indent=\dimen154
\caption@parindent=\dimen155
\caption@hangindent=\dimen156
Package caption Info: Standard document class detected.
)
\c@caption@flags=\count280
\c@continuedfloat=\count281
Package caption Info: hyperref package is loaded.
)
(/usr/share/texlive/texmf-dist/tex/latex/fancyhdr/fancyhdr.sty
Package: fancyhdr 2021/01/28 v4.0.1 Extensive control of page headers and foote
rs
\f@nch@headwidth=\skip69
\f@nch@O@elh=\skip70
\f@nch@O@erh=\skip71
\f@nch@O@olh=\skip72
\f@nch@O@orh=\skip73
\f@nch@O@elf=\skip74
\f@nch@O@erf=\skip75
\f@nch@O@olf=\skip76
\f@nch@O@orf=\skip77
)
(/usr/share/texlive/texmf-dist/tex/latex/float/float.sty
Package: float 2001/11/08 v1.3d Float enhancements (AL)
\c@float@type=\count282
\float@exts=\toks19
\float@box=\box58
\@float@everytoks=\toks20
\@floatcapt=\box59
)
(/usr/share/texlive/texmf-dist/tex/latex/base/fontenc.sty
Package: fontenc 2021/04/29 v2.0v Standard LaTeX package
)
(/usr/share/texlive/texmf-dist/tex/latex/geometry/geometry.sty
Package: geometry 2020/01/02 v5.9 Page Geometry

(/usr/share/texlive/texmf-dist/tex/generic/iftex/ifvtex.sty
Package: ifvtex 2019/10/25 v1.7 ifvtex legacy package. Use iftex instead.
)
\Gm@cnth=\count283
\Gm@cntv=\count284
\c@Gm@tempcnt=\count285
\Gm@bindingoffset=\dimen157
\Gm@wd@mp=\dimen158
\Gm@odd@mp=\dimen159
\Gm@even@mp=\dimen160
\Gm@layoutwidth=\dimen161
\Gm@layoutheight=\dimen162
\Gm@layouthoffset=\dimen163
\Gm@layoutvoffset=\dimen164
\Gm@dimlist=\toks21
)
(/usr/share/texlive/texmf-dist/tex/latex/listings/listings.sty
\lst@mode=\count286
\lst@gtempboxa=\box60
\lst@token=\toks22
\lst@length=\count287
\lst@currlwidth=\dimen165
\lst@column=\count288
\lst@pos=\count289
\lst@lostspace=\dimen166
\lst@width=\dimen167
\lst@newlines=\count290
\lst@lineno=\count291
\lst@maxwidth=\dimen168

(/usr/share/texlive/texmf-dist/tex/latex/listings/lstmisc.sty
File: lstmisc.sty 2020/03/24 1.8d (Carsten Heinz)
\c@lstnumber=\count292
\lst@skipnumbers=\count293
\lst@framebox=\box61
)
(/usr/share/texlive/texmf-dist/tex/latex/listings/listings.cfg
File: listings.cfg 2020/03/24 1.8d listings configuration
))
Package: listings 2020/03/24 1.8d (Carsten Heinz)

(/usr/share/texlive/texmf-dist/tex/latex/makecell/makecell.sty
Package: makecell 2009/08/03 V0.1e Managing of Tab Column Heads and Cells

(/usr/share/texlive/texmf-dist/tex/latex/tools/array.sty
Package: array 2021/10/04 v2.5f Tabular extension package (FMi)
\col@sep=\dimen169
\ar@mcellbox=\box62
\extrarowheight=\dimen170
\NC@list=\toks23
\extratabsurround=\skip78
\backup@length=\skip79
\ar@cellbox=\box63
)
\rotheadsize=\dimen171
\c@nlinenum=\count294
\TeXr@lab=\toks24
)
(/usr/share/texlive/texmf-dist/tex/latex/tools/multicol.sty
Package: multicol 2021/10/28 v1.9b multicolumn formatting (FMi)
\c@tracingmulticols=\count295
\mult@box=\box64
\multicol@leftmargin=\dimen172
\c@unbalance=\count296
\c@collectmore=\count297
\doublecol@number=\count298
\multicoltolerance=\count299
\multicolpretolerance=\count300
\full@width=\dimen173
\page@free=\dimen174
\premulticols=\dimen175
\postmulticols=\dimen176
\multicolsep=\skip80
\multicolbaselineskip=\skip81
\partial@page=\box65
\last@line=\box66
\maxbalancingoverflow=\dimen177
\mult@rightbox=\box67
\mult@grightbox=\box68
\mult@firstbox=\box69
\mult@gfirstbox=\box70
\@tempa=\box71
\@tempa=\box72
\@tempa=\box73
\@tempa=\box74
\@tempa=\box75
\@tempa=\box76
\@tempa=\box77
\@tempa=\box78
\@tempa=\box79
\@tempa=\box80
\@tempa=\box81
\@tempa=\box82
\@tempa=\box83
\@tempa=\box84
\@tempa=\box85
\@tempa=\box86
\@tempa=\box87
\@tempa=\box88
\@tempa=\box89
\@tempa=\box90
\@tempa=\box91
\@tempa=\box92
\@tempa=\box93
\@tempa=\box94
\@tempa=\box95
\@tempa=\box96
\@tempa=\box97
\@tempa=\box98
\@tempa=\box99
\@tempa=\box100
\@tempa=\box101
\@tempa=\box102
\@tempa=\box103
\@tempa=\box104
\@tempa=\box105
\@tempa=\box106
\c@minrows=\count301
\c@columnbadness=\count302
\c@finalcolumnbadness=\count303
\last@try=\dimen178
\multicolovershoot=\dimen179
\multicolundershoot=\dimen180
\mult@nat@firstbox=\box107
\colbreak@box=\box108
\mc@col@check@num=\count304
)
(/usr/share/texlive/texmf-dist/tex/generic/soul/soul.sty
Package: soul 2003/11/17 v2.4 letterspacing/underlining (mf)
\SOUL@word=\toks25
\SOUL@lasttoken=\toks26
\SOUL@cmds=\toks27
\SOUL@buffer=\toks28
\SOUL@token=\toks29
\SOUL@spaceskip=\skip82
\SOUL@ttwidth=\dimen181
\SOUL@uldp=\dimen182
\SOUL@ulht=\dimen183
)
(/usr/share/texlive/texmf-dist/tex/latex/base/textcomp.sty
Package: textcomp 2020/02/02 v2.0n Standard LaTeX package
)
(/usr/share/texlive/texmf-dist/tex/latex/wrapfig/wrapfig.sty
\wrapoverhang=\dimen184
\WF@size=\dimen185
\c@WF@wrappedlines=\count305
\WF@box=\box109
\WF@everypar=\toks30
Package: wrapfig 2003/01/31  v 3.6
)
(/usr/share/texlive/texmf-dist/tex/latex/xcolor/xcolor.sty
Package: xcolor 2021/10/31 v2.13 LaTeX color extensions (UK)

(/usr/share/texlive/texmf-dist/tex/latex/graphics-cfg/color.cfg
File: color.cfg 2016/01/02 v1.6 sample color configuration
)
Package xcolor Info: Driver file: pdftex.def on input line 227.

(/usr/share/texlive/texmf-dist/tex/latex/graphics-def/pdftex.def
File: pdftex.def 2020/10/05 v1.2a Graphics/color driver for pdftex
)
Package xcolor Info: Model `cmy' substituted by `cmy0' on input line 1352.
Package xcolor Info: Model `hsb' substituted by `rgb' on input line 1356.
Package xcolor Info: Model `RGB' extended on input line 1368.
Package xcolor Info: Model `HTML' substituted by `rgb' on input line 1370.
Package xcolor Info: Model `Hsb' substituted by `hsb' on input line 1371.
Package xcolor Info: Model `tHsb' substituted by `hsb' on input line 1372.
Package xcolor Info: Model `HSB' substituted by `hsb' on input line 1373.
Package xcolor Info: Model `Gray' substituted by `gray' on input line 1374.
Package xcolor Info: Model `wave' substituted by `hsb' on input line 1375.
)
(/usr/share/texlive/texmf-dist/tex/latex/graphics/graphicx.sty
Package: graphicx 2021/09/16 v1.2d Enhanced LaTeX Graphics (DPC,SPQR)

(/usr/share/texlive/texmf-dist/tex/latex/graphics/graphics.sty
Package: graphics 2021/03/04 v1.4d Standard LaTeX Graphics (DPC,SPQR)

(/usr/share/texlive/texmf-dist/tex/latex/graphics/trig.sty
Package: trig 2021/08/11 v1.11 sin cos tan (DPC)
)
(/usr/share/texlive/texmf-dist/tex/latex/graphics-cfg/graphics.cfg
File: graphics.cfg 2016/06/04 v1.11 sample graphics configuration
)
Package graphics Info: Driver file: pdftex.def on input line 107.
)
\Gin@req@height=\dimen186
\Gin@req@width=\dimen187
)
(/usr/share/texmf/tex/latex/lm/lmodern.sty
Package: lmodern 2009/10/30 v1.6 Latin Modern Fonts
LaTeX Font Info:    Overwriting symbol font `operators' in version `normal'
(Font)                  OT1/cmr/m/n --> OT1/lmr/m/n on input line 22.
LaTeX Font Info:    Overwriting symbol font `letters' in version `normal'
(Font)                  OML/cmm/m/it --> OML/lmm/m/it on input line 23.
LaTeX Font Info:    Overwriting symbol font `symbols' in version `normal'
(Font)                  OMS/cmsy/m/n --> OMS/lmsy/m/n on input line 24.
LaTeX Font Info:    Overwriting symbol font `largesymbols' in version `normal'
(Font)                  OMX/cmex/m/n --> OMX/lmex/m/n on input line 25.
LaTeX Font Info:    Overwriting symbol font `operators' in version `bold'
(Font)                  OT1/cmr/bx/n --> OT1/lmr/bx/n on input line 26.
LaTeX Font Info:    Overwriting symbol font `letters' in version `bold'
(Font)                  OML/cmm/b/it --> OML/lmm/b/it on input line 27.
LaTeX Font Info:    Overwriting symbol font `symbols' in version `bold'
(Font)                  OMS/cmsy/b/n --> OMS/lmsy/b/n on input line 28.
LaTeX Font Info:    Overwriting symbol font `largesymbols' in version `bold'
(Font)                  OMX/cmex/m/n --> OMX/lmex/m/n on input line 29.
LaTeX Font Info:    Overwriting math alphabet `\mathbf' in version `normal'
(Font)                  OT1/cmr/bx/n --> OT1/lmr/bx/n on input line 31.
LaTeX Font Info:    Overwriting math alphabet `\mathsf' in version `normal'
(Font)                  OT1/cmss/m/n --> OT1/lmss/m/n on input line 32.
LaTeX Font Info:    Overwriting math alphabet `\mathit' in version `normal'
(Font)                  OT1/cmr/m/it --> OT1/lmr/m/it on input line 33.
LaTeX Font Info:    Overwriting math alphabet `\mathtt' in version `normal'
(Font)                  OT1/cmtt/m/n --> OT1/lmtt/m/n on input line 34.
LaTeX Font Info:    Overwriting math alphabet `\mathbf' in version `bold'
(Font)                  OT1/cmr/bx/n --> OT1/lmr/bx/n on input line 35.
LaTeX Font Info:    Overwriting math alphabet `\mathsf' in version `bold'
(Font)                  OT1/cmss/bx/n --> OT1/lmss/bx/n on input line 36.
LaTeX Font Info:    Overwriting math alphabet `\mathit' in version `bold'
(Font)                  OT1/cmr/bx/it --> OT1/lmr/bx/it on input line 37.
LaTeX Font Info:    Overwriting math alphabet `\mathtt' in version `bold'
(Font)                  OT1/cmtt/m/n --> OT1/lmtt/m/n on input line 38.
)
(/usr/share/texlive/texmf-dist/tex/latex/tcolorbox/tcolorbox.sty
Package: tcolorbox 2022/01/07 version 5.0.2 text color boxes

(/usr/share/texlive/texmf-dist/tex/latex/pgf/basiclayer/pgf.sty
(/usr/share/texlive/texmf-dist/tex/latex/pgf/utilities/pgfrcs.sty
(/usr/share/texlive/texmf-dist/tex/generic/pgf/utilities/pgfutil-common.tex
\pgfutil@everybye=\toks31
\pgfutil@tempdima=\dimen188
\pgfutil@tempdimb=\dimen189

(/usr/share/texlive/texmf-dist/tex/generic/pgf/utilities/pgfutil-common-lists.t
ex)) (/usr/share/texlive/texmf-dist/tex/generic/pgf/utilities/pgfutil-latex.def
\pgfutil@abb=\box110
) (/usr/share/texlive/texmf-dist/tex/generic/pgf/utilities/pgfrcs.code.tex
(/usr/share/texlive/texmf-dist/tex/generic/pgf/pgf.revision.tex)
Package: pgfrcs 2021/05/15 v3.1.9a (3.1.9a)
))
Package: pgf 2021/05/15 v3.1.9a (3.1.9a)

(/usr/share/texlive/texmf-dist/tex/latex/pgf/basiclayer/pgfcore.sty
(/usr/share/texlive/texmf-dist/tex/latex/pgf/systemlayer/pgfsys.sty
(/usr/share/texlive/texmf-dist/tex/generic/pgf/systemlayer/pgfsys.code.tex
Package: pgfsys 2021/05/15 v3.1.9a (3.1.9a)

(/usr/share/texlive/texmf-dist/tex/generic/pgf/utilities/pgfkeys.code.tex
\pgfkeys@pathtoks=\toks32
\pgfkeys@temptoks=\toks33

(/usr/share/texlive/texmf-dist/tex/generic/pgf/utilities/pgfkeysfiltered.code.t
ex
\pgfkeys@tmptoks=\toks34
))
\pgf@x=\dimen190
\pgf@y=\dimen191
\pgf@xa=\dimen192
\pgf@ya=\dimen193
\pgf@xb=\dimen194
\pgf@yb=\dimen195
\pgf@xc=\dimen196
\pgf@yc=\dimen197
\pgf@xd=\dimen198
\pgf@yd=\dimen199
\w@pgf@writea=\write3
\r@pgf@reada=\read3
\c@pgf@counta=\count306
\c@pgf@countb=\count307
\c@pgf@countc=\count308
\c@pgf@countd=\count309
\t@pgf@toka=\toks35
\t@pgf@tokb=\toks36
\t@pgf@tokc=\toks37
\pgf@sys@id@count=\count310
 (/usr/share/texlive/texmf-dist/tex/generic/pgf/systemlayer/pgf.cfg
File: pgf.cfg 2021/05/15 v3.1.9a (3.1.9a)
)
Driver file for pgf: pgfsys-pdftex.def

(/usr/share/texlive/texmf-dist/tex/generic/pgf/systemlayer/pgfsys-pdftex.def
File: pgfsys-pdftex.def 2021/05/15 v3.1.9a (3.1.9a)

(/usr/share/texlive/texmf-dist/tex/generic/pgf/systemlayer/pgfsys-common-pdf.de
f
File: pgfsys-common-pdf.def 2021/05/15 v3.1.9a (3.1.9a)
)))
(/usr/share/texlive/texmf-dist/tex/generic/pgf/systemlayer/pgfsyssoftpath.code.
tex
File: pgfsyssoftpath.code.tex 2021/05/15 v3.1.9a (3.1.9a)
\pgfsyssoftpath@smallbuffer@items=\count311
\pgfsyssoftpath@bigbuffer@items=\count312
)
(/usr/share/texlive/texmf-dist/tex/generic/pgf/systemlayer/pgfsysprotocol.code.
tex
File: pgfsysprotocol.code.tex 2021/05/15 v3.1.9a (3.1.9a)
))
(/usr/share/texlive/texmf-dist/tex/generic/pgf/basiclayer/pgfcore.code.tex
Package: pgfcore 2021/05/15 v3.1.9a (3.1.9a)

(/usr/share/texlive/texmf-dist/tex/generic/pgf/math/pgfmath.code.tex
(/usr/share/texlive/texmf-dist/tex/generic/pgf/math/pgfmathcalc.code.tex
(/usr/share/texlive/texmf-dist/tex/generic/pgf/math/pgfmathutil.code.tex)
(/usr/share/texlive/texmf-dist/tex/generic/pgf/math/pgfmathparser.code.tex
\pgfmath@dimen=\dimen256
\pgfmath@count=\count313
\pgfmath@box=\box111
\pgfmath@toks=\toks38
\pgfmath@stack@operand=\toks39
\pgfmath@stack@operation=\toks40
)
(/usr/share/texlive/texmf-dist/tex/generic/pgf/math/pgfmathfunctions.code.tex
(/usr/share/texlive/texmf-dist/tex/generic/pgf/math/pgfmathfunctions.basic.code
.tex)
(/usr/share/texlive/texmf-dist/tex/generic/pgf/math/pgfmathfunctions.trigonomet
ric.code.tex)
(/usr/share/texlive/texmf-dist/tex/generic/pgf/math/pgfmathfunctions.random.cod
e.tex)
(/usr/share/texlive/texmf-dist/tex/generic/pgf/math/pgfmathfunctions.comparison
.code.tex)
(/usr/share/texlive/texmf-dist/tex/generic/pgf/math/pgfmathfunctions.base.code.
tex)
(/usr/share/texlive/texmf-dist/tex/generic/pgf/math/pgfmathfunctions.round.code
.tex)
(/usr/share/texlive/texmf-dist/tex/generic/pgf/math/pgfmathfunctions.misc.code.
tex)
(/usr/share/texlive/texmf-dist/tex/generic/pgf/math/pgfmathfunctions.integerari
thmetics.code.tex)))
(/usr/share/texlive/texmf-dist/tex/generic/pgf/math/pgfmathfloat.code.tex
\c@pgfmathroundto@lastzeros=\count314
))
(/usr/share/texlive/texmf-dist/tex/generic/pgf/math/pgfint.code.tex)
(/usr/share/texlive/texmf-dist/tex/generic/pgf/basiclayer/pgfcorepoints.code.te
x
File: pgfcorepoints.code.tex 2021/05/15 v3.1.9a (3.1.9a)
\pgf@picminx=\dimen257
\pgf@picmaxx=\dimen258
\pgf@picminy=\dimen259
\pgf@picmaxy=\dimen260
\pgf@pathminx=\dimen261
\pgf@pathmaxx=\dimen262
\pgf@pathminy=\dimen263
\pgf@pathmaxy=\dimen264
\pgf@xx=\dimen265
\pgf@xy=\dimen266
\pgf@yx=\dimen267
\pgf@yy=\dimen268
\pgf@zx=\dimen269
\pgf@zy=\dimen270
)
(/usr/share/texlive/texmf-dist/tex/generic/pgf/basiclayer/pgfcorepathconstruct.
code.tex
File: pgfcorepathconstruct.code.tex 2021/05/15 v3.1.9a (3.1.9a)
\pgf@path@lastx=\dimen271
\pgf@path@lasty=\dimen272
)
(/usr/share/texlive/texmf-dist/tex/generic/pgf/basiclayer/pgfcorepathusage.code
.tex
File: pgfcorepathusage.code.tex 2021/05/15 v3.1.9a (3.1.9a)
\pgf@shorten@end@additional=\dimen273
\pgf@shorten@start@additional=\dimen274
)
(/usr/share/texlive/texmf-dist/tex/generic/pgf/basiclayer/pgfcorescopes.code.te
x
File: pgfcorescopes.code.tex 2021/05/15 v3.1.9a (3.1.9a)
\pgfpic=\box112
\pgf@hbox=\box113
\pgf@layerbox@main=\box114
\pgf@picture@serial@count=\count315
)
(/usr/share/texlive/texmf-dist/tex/generic/pgf/basiclayer/pgfcoregraphicstate.c
ode.tex
File: pgfcoregraphicstate.code.tex 2021/05/15 v3.1.9a (3.1.9a)
\pgflinewidth=\dimen275
)
(/usr/share/texlive/texmf-dist/tex/generic/pgf/basiclayer/pgfcoretransformation
s.code.tex
File: pgfcoretransformations.code.tex 2021/05/15 v3.1.9a (3.1.9a)
\pgf@pt@x=\dimen276
\pgf@pt@y=\dimen277
\pgf@pt@temp=\dimen278
)
(/usr/share/texlive/texmf-dist/tex/generic/pgf/basiclayer/pgfcorequick.code.tex
File: pgfcorequick.code.tex 2021/05/15 v3.1.9a (3.1.9a)
)
(/usr/share/texlive/texmf-dist/tex/generic/pgf/basiclayer/pgfcoreobjects.code.t
ex
File: pgfcoreobjects.code.tex 2021/05/15 v3.1.9a (3.1.9a)
)
(/usr/share/texlive/texmf-dist/tex/generic/pgf/basiclayer/pgfcorepathprocessing
.code.tex
File: pgfcorepathprocessing.code.tex 2021/05/15 v3.1.9a (3.1.9a)
)
(/usr/share/texlive/texmf-dist/tex/generic/pgf/basiclayer/pgfcorearrows.code.te
x
File: pgfcorearrows.code.tex 2021/05/15 v3.1.9a (3.1.9a)
\pgfarrowsep=\dimen279
)
(/usr/share/texlive/texmf-dist/tex/generic/pgf/basiclayer/pgfcoreshade.code.tex
File: pgfcoreshade.code.tex 2021/05/15 v3.1.9a (3.1.9a)
\pgf@max=\dimen280
\pgf@sys@shading@range@num=\count316
\pgf@shadingcount=\count317
)
(/usr/share/texlive/texmf-dist/tex/generic/pgf/basiclayer/pgfcoreimage.code.tex
File: pgfcoreimage.code.tex 2021/05/15 v3.1.9a (3.1.9a)

(/usr/share/texlive/texmf-dist/tex/generic/pgf/basiclayer/pgfcoreexternal.code.
tex
File: pgfcoreexternal.code.tex 2021/05/15 v3.1.9a (3.1.9a)
\pgfexternal@startupbox=\box115
))
(/usr/share/texlive/texmf-dist/tex/generic/pgf/basiclayer/pgfcorelayers.code.te
x
File: pgfcorelayers.code.tex 2021/05/15 v3.1.9a (3.1.9a)
)
(/usr/share/texlive/texmf-dist/tex/generic/pgf/basiclayer/pgfcoretransparency.c
ode.tex
File: pgfcoretransparency.code.tex 2021/05/15 v3.1.9a (3.1.9a)
)
(/usr/share/texlive/texmf-dist/tex/generic/pgf/basiclayer/pgfcorepatterns.code.
tex
File: pgfcorepatterns.code.tex 2021/05/15 v3.1.9a (3.1.9a)
)
(/usr/share/texlive/texmf-dist/tex/generic/pgf/basiclayer/pgfcorerdf.code.tex
File: pgfcorerdf.code.tex 2021/05/15 v3.1.9a (3.1.9a)
)))
(/usr/share/texlive/texmf-dist/tex/generic/pgf/modules/pgfmoduleshapes.code.tex
File: pgfmoduleshapes.code.tex 2021/05/15 v3.1.9a (3.1.9a)
\pgfnodeparttextbox=\box116
) (/usr/share/texlive/texmf-dist/tex/generic/pgf/modules/pgfmoduleplot.code.tex
File: pgfmoduleplot.code.tex 2021/05/15 v3.1.9a (3.1.9a)
)
(/usr/share/texlive/texmf-dist/tex/latex/pgf/compatibility/pgfcomp-version-0-65
.sty
Package: pgfcomp-version-0-65 2021/05/15 v3.1.9a (3.1.9a)
\pgf@nodesepstart=\dimen281
\pgf@nodesepend=\dimen282
)
(/usr/share/texlive/texmf-dist/tex/latex/pgf/compatibility/pgfcomp-version-1-18
.sty
Package: pgfcomp-version-1-18 2021/05/15 v3.1.9a (3.1.9a)
)) (/usr/share/texlive/texmf-dist/tex/latex/tools/verbatim.sty
Package: verbatim 2020-07-07 v1.5u LaTeX2e package for verbatim enhancements
\every@verbatim=\toks41
\verbatim@line=\toks42
\verbatim@in@stream=\read4
)
(/usr/share/texlive/texmf-dist/tex/latex/environ/environ.sty
Package: environ 2014/05/04 v0.3 A new way to define environments

(/usr/share/texlive/texmf-dist/tex/latex/trimspaces/trimspaces.sty
Package: trimspaces 2009/09/17 v1.1 Trim spaces around a token list
)
\@envbody=\toks43
)
(/usr/share/texlive/texmf-dist/tex/latex/etoolbox/etoolbox.sty
Package: etoolbox 2020/10/05 v2.5k e-TeX tools for LaTeX (JAW)
\etb@tempcnta=\count318
)
\tcb@titlebox=\box117
\tcb@upperbox=\box118
\tcb@lowerbox=\box119
\tcb@phantombox=\box120
\c@tcbbreakpart=\count319
\c@tcblayer=\count320
\c@tcolorbox@number=\count321
\tcb@temp=\box121
\tcb@temp=\box122
\tcb@temp=\box123
\tcb@temp=\box124
)
(/usr/share/texlive/texmf-dist/tex/latex/amsfonts/amsfonts.sty
Package: amsfonts 2013/01/14 v3.01 Basic AMSFonts support
\@emptytoks=\toks44
\symAMSa=\mathgroup4
\symAMSb=\mathgroup5
LaTeX Font Info:    Redeclaring math symbol \hbar on input line 98.
LaTeX Font Info:    Overwriting math alphabet `\mathfrak' in version `bold'
(Font)                  U/euf/m/n --> U/euf/b/n on input line 106.
)
(/usr/share/texlive/texmf-dist/tex/latex/amsmath/amsmath.sty
Package: amsmath 2021/10/15 v2.17l AMS math features
\@mathmargin=\skip83

For additional information on amsmath, use the `?' option.
(/usr/share/texlive/texmf-dist/tex/latex/amsmath/amstext.sty
Package: amstext 2021/08/26 v2.01 AMS text

(/usr/share/texlive/texmf-dist/tex/latex/amsmath/amsgen.sty
File: amsgen.sty 1999/11/30 v2.0 generic functions
\@emptytoks=\toks45
\ex@=\dimen283
))
(/usr/share/texlive/texmf-dist/tex/latex/amsmath/amsbsy.sty
Package: amsbsy 1999/11/29 v1.2d Bold Symbols
\pmbraise@=\dimen284
)
(/usr/share/texlive/texmf-dist/tex/latex/amsmath/amsopn.sty
Package: amsopn 2021/08/26 v2.02 operator names
)
\inf@bad=\count322
LaTeX Info: Redefining \frac on input line 234.
\uproot@=\count323
\leftroot@=\count324
LaTeX Info: Redefining \overline on input line 399.
\classnum@=\count325
\DOTSCASE@=\count326
LaTeX Info: Redefining \ldots on input line 496.
LaTeX Info: Redefining \dots on input line 499.
LaTeX Info: Redefining \cdots on input line 620.
\Mathstrutbox@=\box125
\strutbox@=\box126
\big@size=\dimen285
LaTeX Font Info:    Redeclaring font encoding OML on input line 743.
LaTeX Font Info:    Redeclaring font encoding OMS on input line 744.
\macc@depth=\count327
\c@MaxMatrixCols=\count328
\dotsspace@=\muskip17
\c@parentequation=\count329
\dspbrk@lvl=\count330
\tag@help=\toks46
\row@=\count331
\column@=\count332
\maxfields@=\count333
\andhelp@=\toks47
\eqnshift@=\dimen286
\alignsep@=\dimen287
\tagshift@=\dimen288
\tagwidth@=\dimen289
\totwidth@=\dimen290
\lineht@=\dimen291
\@envbody=\toks48
\multlinegap=\skip84
\multlinetaggap=\skip85
\mathdisplay@stack=\toks49
LaTeX Info: Redefining \[ on input line 2938.
LaTeX Info: Redefining \] on input line 2939.
)
(/usr/share/texlive/texmf-dist/tex/latex/doublestroke/dsfont.sty
Package: dsfont 1995/08/01 v0.1 Double stroke roman fonts
)
(/usr/share/texlive/texmf-dist/tex/latex/mathtools/mathtools.sty
Package: mathtools 2021/02/02 v1.28 mathematical typesetting tools

(/usr/share/texlive/texmf-dist/tex/latex/tools/calc.sty
Package: calc 2017/05/25 v4.3 Infix arithmetic (KKT,FJ)
\calc@Acount=\count334
\calc@Bcount=\count335
\calc@Adimen=\dimen292
\calc@Bdimen=\dimen293
\calc@Askip=\skip86
\calc@Bskip=\skip87
LaTeX Info: Redefining \setlength on input line 80.
LaTeX Info: Redefining \addtolength on input line 81.
\calc@Ccount=\count336
\calc@Cskip=\skip88
)
(/usr/share/texlive/texmf-dist/tex/latex/mathtools/mhsetup.sty
Package: mhsetup 2021/03/18 v1.4 programming setup (MH)
)
\g_MT_multlinerow_int=\count337
\l_MT_multwidth_dim=\dimen294
\origjot=\skip89
\l_MT_shortvdotswithinadjustabove_dim=\dimen295
\l_MT_shortvdotswithinadjustbelow_dim=\dimen296
\l_MT_above_intertext_sep=\dimen297
\l_MT_below_intertext_sep=\dimen298
\l_MT_above_shortintertext_sep=\dimen299
\l_MT_below_shortintertext_sep=\dimen300
\xmathstrut@box=\box127
\xmathstrut@dim=\dimen301
))
LaTeX Font Info:    Trying to load font information for T1+lmss on input line 1
3.

(/usr/share/texmf/tex/latex/lm/t1lmss.fd
File: t1lmss.fd 2009/10/30 v1.6 Font defs for Latin Modern
)
(/usr/share/texlive/texmf-dist/tex/latex/l3backend/l3backend-pdftex.def
File: l3backend-pdftex.def 2022-01-12 L3 backend support: PDF output (pdfTeX)
\l__color_backend_stack_int=\count338
\l__pdf_internal_box=\box128
)
(./build/principal.aux)
\openout1 = `principal.aux'.

LaTeX Font Info:    Checking defaults for OML/cmm/m/it on input line 13.
LaTeX Font Info:    ... okay on input line 13.
LaTeX Font Info:    Checking defaults for OMS/cmsy/m/n on input line 13.
LaTeX Font Info:    ... okay on input line 13.
LaTeX Font Info:    Checking defaults for OT1/cmr/m/n on input line 13.
LaTeX Font Info:    ... okay on input line 13.
LaTeX Font Info:    Checking defaults for T1/cmr/m/n on input line 13.
LaTeX Font Info:    ... okay on input line 13.
LaTeX Font Info:    Checking defaults for TS1/cmr/m/n on input line 13.
LaTeX Font Info:    ... okay on input line 13.
LaTeX Font Info:    Checking defaults for OMX/cmex/m/n on input line 13.
LaTeX Font Info:    ... okay on input line 13.
LaTeX Font Info:    Checking defaults for U/cmr/m/n on input line 13.
LaTeX Font Info:    ... okay on input line 13.
LaTeX Font Info:    Checking defaults for PD1/pdf/m/n on input line 13.
LaTeX Font Info:    ... okay on input line 13.
LaTeX Font Info:    Checking defaults for PU/pdf/m/n on input line 13.
LaTeX Font Info:    ... okay on input line 13.
Package hyperref Info: Link coloring OFF on input line 13.

(/usr/share/texlive/texmf-dist/tex/latex/hyperref/nameref.sty
Package: nameref 2021-04-02 v2.47 Cross-referencing by name of section

(/usr/share/texlive/texmf-dist/tex/latex/refcount/refcount.sty
Package: refcount 2019/12/15 v3.6 Data extraction from label references (HO)
)
(/usr/share/texlive/texmf-dist/tex/generic/gettitlestring/gettitlestring.sty
Package: gettitlestring 2019/12/15 v1.6 Cleanup title references (HO)
)
\c@section@level=\count339
)
LaTeX Info: Redefining \ref on input line 13.
LaTeX Info: Redefining \pageref on input line 13.
LaTeX Info: Redefining \nameref on input line 13.

(./build/principal.out) (./build/principal.out)
\@outlinefile=\write4
\openout4 = `principal.out'.

Package caption Info: Begin \AtBeginDocument code.
Package caption Info: float package is loaded.
Package caption Info: listings package is loaded.
Package caption Info: wrapfig package is loaded.
Package caption Info: End \AtBeginDocument code.

*geometry* driver: auto-detecting
*geometry* detected driver: pdftex
*geometry* verbose mode - [ preamble ] result:
* driver: pdftex
* paper: a4paper
* layout: <same size as paper>
* layoutoffset:(h,v)=(0.0pt,0.0pt)
* modes: 
* h-part:(L,W,R)=(81.94394pt, 433.62pt, 81.94394pt)
* v-part:(T,H,B)=(106.75473pt, 578.15999pt, 160.13213pt)
* \paperwidth=597.50787pt
* \paperheight=845.04684pt
* \textwidth=433.62pt
* \textheight=578.15999pt
* \oddsidemargin=9.67395pt
* \evensidemargin=9.67395pt
* \topmargin=4.41725pt
* \headheight=12.0pt
* \headsep=18.06749pt
* \topskip=10.0pt
* \footskip=25.29494pt
* \marginparwidth=69.0pt
* \marginparsep=7.0pt
* \columnsep=10.0pt
* \skip\footins=9.0pt plus 4.0pt minus 2.0pt
* \hoffset=0.0pt
* \voffset=0.0pt
* \mag=1000
* \@twocolumnfalse
* \@twosidefalse
* \@mparswitchfalse
* \@reversemarginfalse
* (1in=72.27pt=25.4mm, 1cm=28.453pt)

\c@lstlisting=\count340
(/usr/share/texlive/texmf-dist/tex/context/base/mkii/supp-pdf.mkii
[Loading MPS to PDF converter (version 2006.09.02).]
\scratchcounter=\count341
\scratchdimen=\dimen302
\scratchbox=\box129
\nofMPsegments=\count342
\nofMParguments=\count343
\everyMPshowfont=\toks50
\MPscratchCnt=\count344
\MPscratchDim=\dimen303
\MPnumerator=\count345
\makeMPintoPDFobject=\count346
\everyMPtoPDFconversion=\toks51
) (/usr/share/texlive/texmf-dist/tex/latex/epstopdf-pkg/epstopdf-base.sty
Package: epstopdf-base 2020-01-24 v2.11 Base part for package epstopdf
Package epstopdf-base Info: Redefining graphics rule for `.eps' on input line 4
85.

(/usr/share/texlive/texmf-dist/tex/latex/latexconfig/epstopdf-sys.cfg
File: epstopdf-sys.cfg 2010/07/13 v1.3 Configuration of (r)epstopdf for TeX Liv
e
))
LaTeX Font Info:    Trying to load font information for OT1+lmr on input line 1
5.

(/usr/share/texmf/tex/latex/lm/ot1lmr.fd
File: ot1lmr.fd 2009/10/30 v1.6 Font defs for Latin Modern
)
LaTeX Font Info:    Trying to load font information for OML+lmm on input line 1
5.

(/usr/share/texmf/tex/latex/lm/omllmm.fd
File: omllmm.fd 2009/10/30 v1.6 Font defs for Latin Modern
)
LaTeX Font Info:    Trying to load font information for OMS+lmsy on input line 
15.

(/usr/share/texmf/tex/latex/lm/omslmsy.fd
File: omslmsy.fd 2009/10/30 v1.6 Font defs for Latin Modern
)
LaTeX Font Info:    Trying to load font information for OMX+lmex on input line 
15.

(/usr/share/texmf/tex/latex/lm/omxlmex.fd
File: omxlmex.fd 2009/10/30 v1.6 Font defs for Latin Modern
)
LaTeX Font Info:    External font `lmex10' loaded for size
(Font)              <12> on input line 15.
LaTeX Font Info:    External font `lmex10' loaded for size
(Font)              <8> on input line 15.
LaTeX Font Info:    External font `lmex10' loaded for size
(Font)              <6> on input line 15.
LaTeX Font Info:    Trying to load font information for U+msa on input line 15.


(/usr/share/texlive/texmf-dist/tex/latex/amsfonts/umsa.fd
File: umsa.fd 2013/01/14 v3.01 AMS symbols A
)
LaTeX Font Info:    Trying to load font information for U+msb on input line 15.


(/usr/share/texlive/texmf-dist/tex/latex/amsfonts/umsb.fd
File: umsb.fd 2013/01/14 v3.01 AMS symbols B
) [1


{/var/lib/texmf/fonts/map/pdftex/updmap/pdftex.map}] (./build/principal.toc
LaTeX Font Info:    External font `lmex10' loaded for size
(Font)              <10> on input line 3.
LaTeX Font Info:    External font `lmex10' loaded for size
(Font)              <7> on input line 3.
LaTeX Font Info:    External font `lmex10' loaded for size
(Font)              <5> on input line 3.
pdfTeX warning (ext4): destination with the same identifier (name{page.1}) has 
been already used, duplicate ignored
<to be read again> 
                   \relax 
l.45 ...ingle cell sequencing data}{25}{chapter.3}
                                                  % [1

] [2])
\tf@toc=\write5
\openout5 = `principal.toc'.


(./chapters/01/evolution.tex [3]
Chapter 1.
LaTeX Font Info:    Trying to load font information for TS1+lmss on input line 
18.
(/usr/share/texmf/tex/latex/lm/ts1lmss.fd
File: ts1lmss.fd 2009/10/30 v1.6 Font defs for Latin Modern
) [4

]
LaTeX Font Info:    Font shape `T1/lmss/m/it' in size <10> not available
(Font)              Font shape `T1/lmss/m/sl' tried instead on input line 87.
<chapters/01//images/Screenshot_2023-03-15_at_11-30-24.png, id=417, 414.54875pt
 x 422.57875pt>
File: chapters/01//images/Screenshot_2023-03-15_at_11-30-24.png Graphic file (t
ype png)
<use chapters/01//images/Screenshot_2023-03-15_at_11-30-24.png>
Package pdftex.def Info: chapters/01//images/Screenshot_2023-03-15_at_11-30-24.
png  used on input line 93.
(pdftex.def)             Requested size: 173.44534pt x 176.80481pt.
LaTeX Font Info:    Font shape `T1/lmss/m/it' in size <9> not available
(Font)              Font shape `T1/lmss/m/sl' tried instead on input line 95.
 [5 <./chapters/01//images/Screenshot_2023-03-15_at_11-30-24.png>]
<chapters/01//images/Screen_Shot_2023-02-20_at_19-18-51.png, id=430, 462.72874p
t x 603.25375pt>
File: chapters/01//images/Screen_Shot_2023-02-20_at_19-18-51.png Graphic file (
type png)
<use chapters/01//images/Screen_Shot_2023-02-20_at_19-18-51.png>
Package pdftex.def Info: chapters/01//images/Screen_Shot_2023-02-20_at_19-18-51
.png  used on input line 142.
(pdftex.def)             Requested size: 130.08731pt x 169.59105pt.
LaTeX Font Info:    Font shape `T1/lmss/bx/it' in size <9> not available
(Font)              Font shape `T1/lmss/bx/sl' tried instead on input line 144.

 [6 <./chapters/01//images/Screen_Shot_2023-02-20_at_19-18-51.png>]
<chapters/01//images/Screen_Shot_2023-02-20_at_19-24-40.png, id=444, 706.64pt x
 343.2825pt>
File: chapters/01//images/Screen_Shot_2023-02-20_at_19-24-40.png Graphic file (
type png)
<use chapters/01//images/Screen_Shot_2023-02-20_at_19-24-40.png>
Package pdftex.def Info: chapters/01//images/Screen_Shot_2023-02-20_at_19-24-40
.png  used on input line 224.
(pdftex.def)             Requested size: 216.81pt x 105.32695pt.
 [7]
Overfull \hbox (9.31055pt too wide) in paragraph at lines 269--269
[]\T1/lmss/bx/n/12 CEL-Seq: Single-Cell RNA-Seq by Mul-ti-plexed Lin-ear Am-pli
-fi-ca-tion (2012) 
 []

<chapters/01//images/Screen_Shot_2023-02-21_at_13-19-47.png, id=454, 902.37125p
t x 335.2525pt>
File: chapters/01//images/Screen_Shot_2023-02-21_at_13-19-47.png Graphic file (
type png)
<use chapters/01//images/Screen_Shot_2023-02-21_at_13-19-47.png>
Package pdftex.def Info: chapters/01//images/Screen_Shot_2023-02-21_at_13-19-47
.png  used on input line 282.
(pdftex.def)             Requested size: 216.81pt x 80.5492pt.
[8 <./chapters/01//images/Screen_Shot_2023-02-20_at_19-24-40.png>]
<chapters/01//images/Screen_Shot_2023-02-20_at_19-30-17.png, id=470, 553.06625p
t x 416.55624pt>
File: chapters/01//images/Screen_Shot_2023-02-20_at_19-30-17.png Graphic file (
type png)
<use chapters/01//images/Screen_Shot_2023-02-20_at_19-30-17.png>
Package pdftex.def Info: chapters/01//images/Screen_Shot_2023-02-20_at_19-30-17
.png  used on input line 335.
(pdftex.def)             Requested size: 216.81pt x 163.29529pt.
 [9 <./chapters/01//images/Screen_Shot_2023-02-21_at_13-19-47.png>]
<chapters/01//images/Screen_Shot_2023-02-21_at_19-30-18.png, id=488, 788.9475pt
 x 305.14pt>
File: chapters/01//images/Screen_Shot_2023-02-21_at_19-30-18.png Graphic file (
type png)
<use chapters/01//images/Screen_Shot_2023-02-21_at_19-30-18.png>
Package pdftex.def Info: chapters/01//images/Screen_Shot_2023-02-21_at_19-30-18
.png  used on input line 403.
(pdftex.def)             Requested size: 216.81pt x 83.85555pt.
 [10 <./chapters/01//images/Screen_Shot_2023-02-20_at_19-30-17.png>] [11 <./cha
pters/01//images/Screen_Shot_2023-02-21_at_19-30-18.png>]
<chapters/01//images/Screen_Shot_2023-02-21_at_19-51-12.png, id=510, 724.7075pt
 x 293.095pt>
File: chapters/01//images/Screen_Shot_2023-02-21_at_19-51-12.png Graphic file (
type png)
<use chapters/01//images/Screen_Shot_2023-02-21_at_19-51-12.png>
Package pdftex.def Info: chapters/01//images/Screen_Shot_2023-02-21_at_19-51-12
.png  used on input line 508.
(pdftex.def)             Requested size: 216.81pt x 87.6832pt.
<chapters/01//images/Screen_Shot_2023-02-21_at_19-54-26.png, id=511, 742.775pt 
x 365.365pt>
File: chapters/01//images/Screen_Shot_2023-02-21_at_19-54-26.png Graphic file (
type png)
<use chapters/01//images/Screen_Shot_2023-02-21_at_19-54-26.png>
Package pdftex.def Info: chapters/01//images/Screen_Shot_2023-02-21_at_19-54-26
.png  used on input line 556.
(pdftex.def)             Requested size: 216.81pt x 106.64442pt.
 [12 <./chapters/01//images/Screen_Shot_2023-02-21_at_19-51-12.png>]
<chapters/01//images/Screen_Shot_2023-02-21_at_20-02-42.png, id=522, 762.85pt x
 350.30875pt>
File: chapters/01//images/Screen_Shot_2023-02-21_at_20-02-42.png Graphic file (
type png)
<use chapters/01//images/Screen_Shot_2023-02-21_at_20-02-42.png>
Package pdftex.def Info: chapters/01//images/Screen_Shot_2023-02-21_at_20-02-42
.png  used on input line 613.
(pdftex.def)             Requested size: 216.81pt x 99.56107pt.
 [13 <./chapters/01//images/Screen_Shot_2023-02-21_at_19-54-26.png>] [14 <./cha
pters/01//images/Screen_Shot_2023-02-21_at_20-02-42.png>]
<chapters/01//images/Screenshot_2023-03-24_at_08-16-37.png, id=545, 384.43625pt
 x 320.19624pt>
File: chapters/01//images/Screenshot_2023-03-24_at_08-16-37.png Graphic file (t
ype png)
<use chapters/01//images/Screenshot_2023-03-24_at_08-16-37.png>
Package pdftex.def Info: chapters/01//images/Screenshot_2023-03-24_at_08-16-37.
png  used on input line 713.
(pdftex.def)             Requested size: 216.81pt x 180.58386pt.

[15 <./chapters/01//images/Screenshot_2023-03-24_at_08-16-37.png>]
LaTeX Font Info:    Font shape `T1/lmss/bx/it' in size <10> not available
(Font)              Font shape `T1/lmss/bx/sl' tried instead on input line 759.

<chapters/01//images/Screenshot_2023-03-24_at_08-21-13.png, id=555, 722.7pt x 1
68.63pt>
File: chapters/01//images/Screenshot_2023-03-24_at_08-21-13.png Graphic file (t
ype png)
<use chapters/01//images/Screenshot_2023-03-24_at_08-21-13.png>
Package pdftex.def Info: chapters/01//images/Screenshot_2023-03-24_at_08-21-13.
png  used on input line 765.
(pdftex.def)             Requested size: 216.81pt x 50.58939pt.
<chapters/01//images/Screenshot_2023-03-24_at_08-04-47.png, id=556, 239.89626pt
 x 369.38pt>
File: chapters/01//images/Screenshot_2023-03-24_at_08-04-47.png Graphic file (t
ype png)
<use chapters/01//images/Screenshot_2023-03-24_at_08-04-47.png>
Package pdftex.def Info: chapters/01//images/Screenshot_2023-03-24_at_08-04-47.
png  used on input line 781.
(pdftex.def)             Requested size: 130.08731pt x 200.30203pt.
<chapters/01//images/Screen_Shot_2023-02-21_at_22-35-31.png, id=557, 592.2125pt
 x 359.3425pt>
File: chapters/01//images/Screen_Shot_2023-02-21_at_22-35-31.png Graphic file (
type png)
<use chapters/01//images/Screen_Shot_2023-02-21_at_22-35-31.png>
Package pdftex.def Info: chapters/01//images/Screen_Shot_2023-02-21_at_22-35-31
.png  used on input line 816.
(pdftex.def)             Requested size: 216.81pt x 131.55644pt.
<chapters/01//images/Screen_Shot_2023-02-21_at_22-36-08.png, id=558, 572.1375pt
 x 400.49625pt>
File: chapters/01//images/Screen_Shot_2023-02-21_at_22-36-08.png Graphic file (
type png)
<use chapters/01//images/Screen_Shot_2023-02-21_at_22-36-08.png>
Package pdftex.def Info: chapters/01//images/Screen_Shot_2023-02-21_at_22-36-08
.png  used on input line 822.
(pdftex.def)             Requested size: 216.81pt x 151.7685pt.
<chapters/01//images/Screen_Shot_2023-02-21_at_22-40-17.png, id=559, 685.56125p
t x 338.26375pt>
File: chapters/01//images/Screen_Shot_2023-02-21_at_22-40-17.png Graphic file (
type png)
<use chapters/01//images/Screen_Shot_2023-02-21_at_22-40-17.png>
Package pdftex.def Info: chapters/01//images/Screen_Shot_2023-02-21_at_22-40-17
.png  used on input line 828.
(pdftex.def)             Requested size: 216.81pt x 106.97688pt.
)
(./chapters/02/backstage.tex [16 <./chapters/01//images/Screenshot_2023-03-24_a
t_08-21-13.png>] [17 <./chapters/01//images/Screenshot_2023-03-24_at_08-04-47.p
ng> <./chapters/01//images/Screen_Shot_2023-02-21_at_22-35-31.png> <./chapters/
01//images/Screen_Shot_2023-02-21_at_22-36-08.png>] [18 <./chapters/01//images/
Screen_Shot_2023-02-21_at_22-40-17.png>]
Chapter 2.
<chapters/02//images/Screenshot.png, id=589, 599.23875pt x 277.035pt>
File: chapters/02//images/Screenshot.png Graphic file (type png)
<use chapters/02//images/Screenshot.png>
Package pdftex.def Info: chapters/02//images/Screenshot.png  used on input line
 11.
(pdftex.def)             Requested size: 216.81pt x 100.23132pt.
[19

 <./chapters/02//images/Screenshot.png>]
<chapters/02//images/Screenshot_1.png, id=604, 729.72626pt x 312.16624pt>
File: chapters/02//images/Screenshot_1.png Graphic file (type png)
<use chapters/02//images/Screenshot_1.png>
Package pdftex.def Info: chapters/02//images/Screenshot_1.png  used on input li
ne 94.
(pdftex.def)             Requested size: 216.81pt x 92.74557pt.
<chapters/02//images/Screenshot_2.png, id=605, 260.975pt x 324.21124pt>
File: chapters/02//images/Screenshot_2.png Graphic file (type png)
<use chapters/02//images/Screenshot_2.png>
Package pdftex.def Info: chapters/02//images/Screenshot_2.png  used on input li
ne 113.
(pdftex.def)             Requested size: 130.08731pt x 161.6105pt.
 [20 <./chapters/02//images/Screenshot_1.png>]
<chapters/02//images/Screenshot_3.png, id=623, 692.5875pt x 287.0725pt>
File: chapters/02//images/Screenshot_3.png Graphic file (type png)
<use chapters/02//images/Screenshot_3.png>
Package pdftex.def Info: chapters/02//images/Screenshot_3.png  used on input li
ne 145.
(pdftex.def)             Requested size: 216.81pt x 89.86324pt.
 [21 <./chapters/02//images/Screenshot_2.png> <./chapters/02//images/Screenshot
_3.png>]
<chapters/02//images/Screenshot_4.png, id=634, 692.5875pt x 253.94875pt>
File: chapters/02//images/Screenshot_4.png Graphic file (type png)
<use chapters/02//images/Screenshot_4.png>
Package pdftex.def Info: chapters/02//images/Screenshot_4.png  used on input li
ne 196.
(pdftex.def)             Requested size: 216.81pt x 79.4944pt.
<chapters/02//images/Screenshot_5.png, id=635, 697.60625pt x 323.2075pt>
File: chapters/02//images/Screenshot_5.png Graphic file (type png)
<use chapters/02//images/Screenshot_5.png>
Package pdftex.def Info: chapters/02//images/Screenshot_5.png  used on input li
ne 204.
(pdftex.def)             Requested size: 216.81pt x 100.44974pt.
<chapters/02//images/Screenshot_6.png, id=636, 384.43625pt x 326.21875pt>
File: chapters/02//images/Screenshot_6.png Graphic file (type png)
<use chapters/02//images/Screenshot_6.png>
Package pdftex.def Info: chapters/02//images/Screenshot_6.png  used on input li
ne 222.
(pdftex.def)             Requested size: 216.81pt x 183.98042pt.
<chapters/02//images/Screenshot_7.png, id=637, 433.62pt x 221.82875pt>
File: chapters/02//images/Screenshot_7.png Graphic file (type png)
<use chapters/02//images/Screenshot_7.png>
Package pdftex.def Info: chapters/02//images/Screenshot_7.png  used on input li
ne 230.
(pdftex.def)             Requested size: 216.81pt x 110.9141pt.
<chapters/02//images/Screenshot_8.png, id=638, 322.20375pt x 280.04625pt>
File: chapters/02//images/Screenshot_8.png Graphic file (type png)
<use chapters/02//images/Screenshot_8.png>
Package pdftex.def Info: chapters/02//images/Screenshot_8.png  used on input li
ne 238.
(pdftex.def)             Requested size: 216.81pt x 188.45044pt.
 [22 <./chapters/02//images/Screenshot_4.png> <./chapters/02//images/Screenshot
_5.png>] [23 <./chapters/02//images/Screenshot_6.png> <./chapters/02//images/Sc
reenshot_7.png> <./chapters/02//images/Screenshot_8.png>]
<chapters/02//images/Screenshot_9.png, id=666, 513.92pt x 318.18875pt>
File: chapters/02//images/Screenshot_9.png Graphic file (type png)
<use chapters/02//images/Screenshot_9.png>
Package pdftex.def Info: chapters/02//images/Screenshot_9.png  used on input li
ne 256.
(pdftex.def)             Requested size: 216.81pt x 134.23553pt.
)
(./chapters/03/analysis.tex [24 <./chapters/02//images/Screenshot_9.png>]
Chapter 3.
<chapters/03//images/Screenshot.png, id=675, 940.51375pt x 478.78876pt>
File: chapters/03//images/Screenshot.png Graphic file (type png)
<use chapters/03//images/Screenshot.png>
Package pdftex.def Info: chapters/03//images/Screenshot.png  used on input line
 19.
(pdftex.def)             Requested size: 216.81pt x 110.3675pt.
[25

 <./chapters/03//images/Screenshot.png>]
LaTeX Font Info:    Trying to load font information for T1+lmtt on input line 5
7.

(/usr/share/texmf/tex/latex/lm/t1lmtt.fd
File: t1lmtt.fd 2009/10/30 v1.6 Font defs for Latin Modern
)
<chapters/03//images/Screenshot-1.png, id=683, 710.655pt x 424.58624pt>
File: chapters/03//images/Screenshot-1.png Graphic file (type png)
<use chapters/03//images/Screenshot-1.png>
Package pdftex.def Info: chapters/03//images/Screenshot-1.png  used on input li
ne 106.
(pdftex.def)             Requested size: 216.81pt x 129.53424pt.
<chapters/03//images/Screenshot-2.png, id=684, 995.72pt x 446.66875pt>
File: chapters/03//images/Screenshot-2.png Graphic file (type png)
<use chapters/03//images/Screenshot-2.png>
Package pdftex.def Info: chapters/03//images/Screenshot-2.png  used on input li
ne 113.
(pdftex.def)             Requested size: 216.81pt x 97.25871pt.
 [26] [27 <./chapters/03//images/Screenshot-1.png> <./chapters/03//images/Scree
nshot-2.png>]
<chapters/03//images/Screen_Shot_2023-02-22_at_15-08-31.png, id=706, 384.43625p
t x 384.43625pt>
File: chapters/03//images/Screen_Shot_2023-02-22_at_15-08-31.png Graphic file (
type png)
<use chapters/03//images/Screen_Shot_2023-02-22_at_15-08-31.png>
Package pdftex.def Info: chapters/03//images/Screen_Shot_2023-02-22_at_15-08-31
.png  used on input line 215.
(pdftex.def)             Requested size: 216.81pt x 216.81386pt.
<chapters/03//images/Screenshot-3.png, id=707, 995.72pt x 432.61626pt>
File: chapters/03//images/Screenshot-3.png Graphic file (type png)
<use chapters/03//images/Screenshot-3.png>
Package pdftex.def Info: chapters/03//images/Screenshot-3.png  used on input li
ne 228.
(pdftex.def)             Requested size: 346.89731pt x 150.71823pt.
 [28] [29 <./chapters/03//images/Screen_Shot_2023-02-22_at_15-08-31.png> <./cha
pters/03//images/Screenshot-3.png>]
<chapters/03//images/Screen_Shot_2023-02-22_at_15-18-21.png, id=724, 759.83875p
t x 266.9975pt>
File: chapters/03//images/Screen_Shot_2023-02-22_at_15-18-21.png Graphic file (
type png)
<use chapters/03//images/Screen_Shot_2023-02-22_at_15-18-21.png>
Package pdftex.def Info: chapters/03//images/Screen_Shot_2023-02-22_at_15-18-21
.png  used on input line 342.
(pdftex.def)             Requested size: 216.81pt x 76.1847pt.
 [30] [31 <./chapters/03//images/Screen_Shot_2023-02-22_at_15-18-21.png>] [32]
<chapters/03//images/Screenshot-4.png, id=752, 825.0825pt x 480.79625pt>
File: chapters/03//images/Screenshot-4.png Graphic file (type png)
<use chapters/03//images/Screenshot-4.png>
Package pdftex.def Info: chapters/03//images/Screenshot-4.png  used on input li
ne 541.
(pdftex.def)             Requested size: 216.81pt x 126.33928pt.
 [33 <./chapters/03//images/Screenshot-4.png>]
<chapters/03//images/Screen_Shot_2023-02-22_at_19-10-01.png, id=766, 770.88pt x
 399.4925pt>
File: chapters/03//images/Screen_Shot_2023-02-22_at_19-10-01.png Graphic file (
type png)
<use chapters/03//images/Screen_Shot_2023-02-22_at_19-10-01.png>
Package pdftex.def Info: chapters/03//images/Screen_Shot_2023-02-22_at_19-10-01
.png  used on input line 572.
(pdftex.def)             Requested size: 216.81pt x 112.35698pt.
<chapters/03//images/Screen_Shot_2023-02-22_at_19-13-32.png, id=767, 436.63126p
t x 320.19624pt>
File: chapters/03//images/Screen_Shot_2023-02-22_at_19-13-32.png Graphic file (
type png)
<use chapters/03//images/Screen_Shot_2023-02-22_at_19-13-32.png>
Package pdftex.def Info: chapters/03//images/Screen_Shot_2023-02-22_at_19-13-32
.png  used on input line 608.
(pdftex.def)             Requested size: 216.81pt x 158.99353pt.
 [34 <./chapters/03//images/Screen_Shot_2023-02-22_at_19-10-01.png>] [35 <./cha
pters/03//images/Screen_Shot_2023-02-22_at_19-13-32.png>]) (./chapters/04/omics
.tex [36]
Chapter 4.

Package hyperref Warning: Difference (2) between bookmark levels is greater 
(hyperref)                than one, level fixed on input line 16.

<chapters/04//images/Screenshot.png, id=796, 1215.54124pt x 693.59125pt>
File: chapters/04//images/Screenshot.png Graphic file (type png)
<use chapters/04//images/Screenshot.png>
Package pdftex.def Info: chapters/04//images/Screenshot.png  used on input line
 27.
(pdftex.def)             Requested size: 216.81pt x 123.70862pt.
[37

 <./chapters/04//images/Screenshot.png>]
<chapters/04//images/Screen_Shot_2023-02-22_at_20-37-02.png, id=805, 346.29375p
t x 242.9075pt>
File: chapters/04//images/Screen_Shot_2023-02-22_at_20-37-02.png Graphic file (
type png)
<use chapters/04//images/Screen_Shot_2023-02-22_at_20-37-02.png>
Package pdftex.def Info: chapters/04//images/Screen_Shot_2023-02-22_at_20-37-02
.png  used on input line 53.
(pdftex.def)             Requested size: 216.81pt x 152.08366pt.
<chapters/04//images/Screenshot_1.png, id=806, 940.51375pt x 251.94125pt>
File: chapters/04//images/Screenshot_1.png Graphic file (type png)
<use chapters/04//images/Screenshot_1.png>
Package pdftex.def Info: chapters/04//images/Screenshot_1.png  used on input li
ne 97.
(pdftex.def)             Requested size: 216.81pt x 58.07597pt.
 [38 <./chapters/04//images/Screen_Shot_2023-02-22_at_20-37-02.png>]
<chapters/04//images/Screenshot_2.png, id=816, 946.53625pt x 433.62pt>
File: chapters/04//images/Screenshot_2.png Graphic file (type png)
<use chapters/04//images/Screenshot_2.png>
Package pdftex.def Info: chapters/04//images/Screenshot_2.png  used on input li
ne 152.
(pdftex.def)             Requested size: 216.81pt x 99.32027pt.
 [39 <./chapters/04//images/Screenshot_1.png>]
<chapters/04//images/Screenshot_3.png, id=826, 505.89pt x 483.8075pt>
File: chapters/04//images/Screenshot_3.png Graphic file (type png)
<use chapters/04//images/Screenshot_3.png>
Package pdftex.def Info: chapters/04//images/Screenshot_3.png  used on input li
ne 198.
(pdftex.def)             Requested size: 216.81pt x 207.34662pt.
<chapters/04//images/Screenshot_4.png, id=827, 942.52126pt x 327.2225pt>
File: chapters/04//images/Screenshot_4.png Graphic file (type png)
<use chapters/04//images/Screenshot_4.png>
Package pdftex.def Info: chapters/04//images/Screenshot_4.png  used on input li
ne 219.
(pdftex.def)             Requested size: 216.81pt x 75.26958pt.
<chapters/04//images/Screen_Shot_2023-02-22_at_20-38-39.png, id=828, 484.81125p
t x 134.5025pt>
File: chapters/04//images/Screen_Shot_2023-02-22_at_20-38-39.png Graphic file (
type png)
<use chapters/04//images/Screen_Shot_2023-02-22_at_20-38-39.png>
Package pdftex.def Info: chapters/04//images/Screen_Shot_2023-02-22_at_20-38-39
.png  used on input line 229.
(pdftex.def)             Requested size: 216.81pt x 60.14998pt.

[40 <./chapters/04//images/Screenshot_2.png>] [41 <./chapters/04//images/Screen
shot_3.png> <./chapters/04//images/Screenshot_4.png> <./chapters/04//images/Scr
een_Shot_2023-02-22_at_20-38-39.png>]
<chapters/04//images/Screenshot_5.png, id=852, 536.0025pt x 449.68pt>
File: chapters/04//images/Screenshot_5.png Graphic file (type png)
<use chapters/04//images/Screenshot_5.png>
Package pdftex.def Info: chapters/04//images/Screenshot_5.png  used on input li
ne 259.
(pdftex.def)             Requested size: 216.81pt x 181.89296pt.
 [42 <./chapters/04//images/Screenshot_5.png>]
<chapters/04//images/Screenshot_6.png, id=865, 429.605pt x 364.36125pt>
File: chapters/04//images/Screenshot_6.png Graphic file (type png)
<use chapters/04//images/Screenshot_6.png>
Package pdftex.def Info: chapters/04//images/Screenshot_6.png  used on input li
ne 332.
(pdftex.def)             Requested size: 216.81pt x 183.887pt.
<chapters/04//images/Screenshot_7.png, id=866, 550.055pt x 475.7775pt>
File: chapters/04//images/Screenshot_7.png Graphic file (type png)
<use chapters/04//images/Screenshot_7.png>
Package pdftex.def Info: chapters/04//images/Screenshot_7.png  used on input li
ne 355.
(pdftex.def)             Requested size: 216.81pt x 187.53438pt.
 [43] [44 <./chapters/04//images/Screenshot_6.png> <./chapters/04//images/Scree
nshot_7.png>]
<chapters/04//images/Screenshot_8.png, id=885, 828.09375pt x 396.48125pt>
File: chapters/04//images/Screenshot_8.png Graphic file (type png)
<use chapters/04//images/Screenshot_8.png>
Package pdftex.def Info: chapters/04//images/Screenshot_8.png  used on input li
ne 401.
(pdftex.def)             Requested size: 216.81pt x 103.80261pt.
 [45 <./chapters/04//images/Screenshot_8.png>]
<chapters/04//images/Screenshot_9.png, id=898, 955.57pt x 235.88126pt>
File: chapters/04//images/Screenshot_9.png Graphic file (type png)
<use chapters/04//images/Screenshot_9.png>
Package pdftex.def Info: chapters/04//images/Screenshot_9.png  used on input li
ne 472.
(pdftex.def)             Requested size: 216.81pt x 53.51729pt.
<chapters/04//images/Screenshot_10.png, id=899, 844.15375pt x 531.9875pt>
File: chapters/04//images/Screenshot_10.png Graphic file (type png)
<use chapters/04//images/Screenshot_10.png>
Package pdftex.def Info: chapters/04//images/Screenshot_10.png  used on input l
ine 489.
(pdftex.def)             Requested size: 216.81pt x 136.63316pt.
<chapters/04//images/Screenshot_11.png, id=900, 875.27pt x 437.635pt>
File: chapters/04//images/Screenshot_11.png Graphic file (type png)
<use chapters/04//images/Screenshot_11.png>
Package pdftex.def Info: chapters/04//images/Screenshot_11.png  used on input l
ine 502.
(pdftex.def)             Requested size: 216.81pt x 108.40013pt.
 [46 <./chapters/04//images/Screenshot_9.png>] [47 <./chapters/04//images/Scree
nshot_10.png> <./chapters/04//images/Screenshot_11.png>]
<chapters/04//images/Screen_Shot_2023-02-22_at_20-40-56.png, id=920, 260.975pt 
x 262.9825pt>
File: chapters/04//images/Screen_Shot_2023-02-22_at_20-40-56.png Graphic file (
type png)
<use chapters/04//images/Screen_Shot_2023-02-22_at_20-40-56.png>
Package pdftex.def Info: chapters/04//images/Screen_Shot_2023-02-22_at_20-40-56
.png  used on input line 526.
(pdftex.def)             Requested size: 216.81pt x 218.48006pt.
<chapters/04//images/Screenshot_12.png, id=921, 956.57375pt x 464.73625pt>
File: chapters/04//images/Screenshot_12.png Graphic file (type png)
<use chapters/04//images/Screenshot_12.png>
Package pdftex.def Info: chapters/04//images/Screenshot_12.png  used on input l
ine 536.
(pdftex.def)             Requested size: 216.81pt x 105.33409pt.

Overfull \hbox (0.29666pt too wide) in paragraph at lines 543--547
\T1/lmss/m/n/10 CRISP-seq com-bines single-cell RNAseq with CRISPR-based per-tu
r-ba-tions (edit-ing/i-n-ac-ti-va-tion of genes).
 []

<chapters/04//images/Screenshot_13.png, id=922, 545.03625pt x 536.0025pt>
File: chapters/04//images/Screenshot_13.png Graphic file (type png)
<use chapters/04//images/Screenshot_13.png>
Package pdftex.def Info: chapters/04//images/Screenshot_13.png  used on input l
ine 550.
(pdftex.def)             Requested size: 216.81pt x 213.21129pt.
[48 <./chapters/04//images/Screen_Shot_2023-02-22_at_20-40-56.png> <./chapters/
04//images/Screenshot_12.png>]
<chapters/04//images/Screenshot_14.png, id=934, 711.65875pt x 542.025pt>
File: chapters/04//images/Screenshot_14.png Graphic file (type png)
<use chapters/04//images/Screenshot_14.png>
Package pdftex.def Info: chapters/04//images/Screenshot_14.png  used on input l
ine 579.
(pdftex.def)             Requested size: 216.81pt x 165.12302pt.
) (./chapters/05/spatial.tex [49 <./chapters/04//images/Screenshot_13.png>] [50
 <./chapters/04//images/Screenshot_14.png>]
Chapter 5.
[51

] [52]
<chapters/05//images/Screenshot.png, id=967, 690.58pt x 348.30125pt>
File: chapters/05//images/Screenshot.png Graphic file (type png)
<use chapters/05//images/Screenshot.png>
Package pdftex.def Info: chapters/05//images/Screenshot.png  used on input line
 157.
(pdftex.def)             Requested size: 216.81pt x 109.34875pt.
<chapters/05//images/Screenshot_4.png, id=968, 693.59125pt x 299.1175pt>
File: chapters/05//images/Screenshot_4.png Graphic file (type png)
<use chapters/05//images/Screenshot_4.png>
Package pdftex.def Info: chapters/05//images/Screenshot_4.png  used on input li
ne 176.
(pdftex.def)             Requested size: 216.81pt x 93.50136pt.
 [53 <./chapters/05//images/Screenshot.png> <./chapters/05//images/Screenshot_4
.png>]
<chapters/05//images/Screenshot_2.png, id=979, 692.5875pt x 257.96375pt>
File: chapters/05//images/Screenshot_2.png Graphic file (type png)
<use chapters/05//images/Screenshot_2.png>
Package pdftex.def Info: chapters/05//images/Screenshot_2.png  used on input li
ne 226.
(pdftex.def)             Requested size: 216.81pt x 80.75124pt.
<chapters/05//images/Screenshot_1.png, id=980, 689.57625pt x 378.41376pt>
File: chapters/05//images/Screenshot_1.png Graphic file (type png)
<use chapters/05//images/Screenshot_1.png>
Package pdftex.def Info: chapters/05//images/Screenshot_1.png  used on input li
ne 248.
(pdftex.def)             Requested size: 216.81pt x 118.97577pt.
 [54 <./chapters/05//images/Screenshot_2.png>]
<chapters/05//images/Screenshot_3.png, id=991, 671.50874pt x 299.1175pt>
File: chapters/05//images/Screenshot_3.png Graphic file (type png)
<use chapters/05//images/Screenshot_3.png>
Package pdftex.def Info: chapters/05//images/Screenshot_3.png  used on input li
ne 297.
(pdftex.def)             Requested size: 216.81pt x 96.57304pt.
 [55 <./chapters/05//images/Screenshot_1.png> <./chapters/05//images/Screenshot
_3.png>] [56]
<chapters/05//images/Screenshot_5.png, id=1018, 815.045pt x 621.32124pt>
File: chapters/05//images/Screenshot_5.png Graphic file (type png)
<use chapters/05//images/Screenshot_5.png>
Package pdftex.def Info: chapters/05//images/Screenshot_5.png  used on input li
ne 381.
(pdftex.def)             Requested size: 216.81pt x 165.27505pt.
<chapters/05//images/Screenshot_6.png, id=1019, 1367.1075pt x 563.10374pt>
File: chapters/05//images/Screenshot_6.png Graphic file (type png)
<use chapters/05//images/Screenshot_6.png>
Package pdftex.def Info: chapters/05//images/Screenshot_6.png  used on input li
ne 400.
(pdftex.def)             Requested size: 216.81pt x 89.29935pt.

[57 <./chapters/05//images/Screenshot_5.png> <./chapters/05//images/Screenshot_
6.png>]
<chapters/05//images/Screenshot_7.png, id=1031, 1191.45125pt x 739.76375pt>
File: chapters/05//images/Screenshot_7.png Graphic file (type png)
<use chapters/05//images/Screenshot_7.png>
Package pdftex.def Info: chapters/05//images/Screenshot_7.png  used on input li
ne 430.
(pdftex.def)             Requested size: 216.81pt x 134.60786pt.
 [58 <./chapters/05//images/Screenshot_7.png>]
<chapters/05//images/Screenshot_8.png, id=1044, 973.6375pt x 451.6875pt>
File: chapters/05//images/Screenshot_8.png Graphic file (type png)
<use chapters/05//images/Screenshot_8.png>
Package pdftex.def Info: chapters/05//images/Screenshot_8.png  used on input li
ne 535.
(pdftex.def)             Requested size: 216.81pt x 100.57768pt.
<chapters/05//images/Screenshot_9.png, id=1045, 1003.75pt x 573.14125pt>
File: chapters/05//images/Screenshot_9.png Graphic file (type png)
<use chapters/05//images/Screenshot_9.png>
Package pdftex.def Info: chapters/05//images/Screenshot_9.png  used on input li
ne 548.
(pdftex.def)             Requested size: 216.81pt x 123.79141pt.
 [59]
<chapters/05//images/Screenshot_10.png, id=1055, 666.49pt x 400.49625pt>
File: chapters/05//images/Screenshot_10.png Graphic file (type png)
<use chapters/05//images/Screenshot_10.png>
Package pdftex.def Info: chapters/05//images/Screenshot_10.png  used on input l
ine 598.
(pdftex.def)             Requested size: 216.81pt x 130.28195pt.
 [60 <./chapters/05//images/Screenshot_8.png> <./chapters/05//images/Screenshot
_9.png>]) [61 <./chapters/05//images/Screenshot_10.png>] (./build/principal.aux
)

LaTeX Warning: Label(s) may have changed. Rerun to get cross-references right.

Package rerunfilecheck Info: File `principal.out' has not changed.
(rerunfilecheck)             Checksum: 41C10A7C2E0E9C270848C8E1312FD11A;16317.
 ) 
Here is how much of TeX's memory you used:
 27241 strings out of 480171
 510110 string characters out of 5894489
 776484 words of memory out of 5000000
 44253 multiletter control sequences out of 15000+600000
 548167 words of font info for 82 fonts, out of 8000000 for 9000
 59 hyphenation exceptions out of 8191
 88i,12n,83p,628b,475s stack positions out of 5000i,500n,10000p,200000b,80000s
{/usr/share/texmf/fonts/enc/dvips/lm/lm-ec.enc}{/usr/share/texmf/fonts/enc/dv
ips/lm/lm-mathex.enc}{/usr/share/texmf/fonts/enc/dvips/lm/lm-mathit.enc}{/usr/s
hare/texmf/fonts/enc/dvips/lm/lm-rm.enc}{/usr/share/texmf/fonts/enc/dvips/lm/lm
-mathsy.enc}{/usr/share/texmf/fonts/enc/dvips/lm/lm-ts1.enc}</usr/share/texmf/f
onts/type1/public/lm/lmex10.pfb></usr/share/texmf/fonts/type1/public/lm/lmmi10.
pfb></usr/share/texmf/fonts/type1/public/lm/lmmi5.pfb></usr/share/texmf/fonts/t
ype1/public/lm/lmmi7.pfb></usr/share/texmf/fonts/type1/public/lm/lmr10.pfb></us
r/share/texmf/fonts/type1/public/lm/lmr7.pfb></usr/share/texmf/fonts/type1/publ
ic/lm/lmss10.pfb></usr/share/texmf/fonts/type1/public/lm/lmss12.pfb></usr/share
/texmf/fonts/type1/public/lm/lmss8.pfb></usr/share/texmf/fonts/type1/public/lm/
lmss9.pfb></usr/share/texmf/fonts/type1/public/lm/lmssbo10.pfb></usr/share/texm
f/fonts/type1/public/lm/lmssbx10.pfb></usr/share/texmf/fonts/type1/public/lm/lm
sso10.pfb></usr/share/texmf/fonts/type1/public/lm/lmsso9.pfb></usr/share/texmf/
fonts/type1/public/lm/lmsy10.pfb></usr/share/texmf/fonts/type1/public/lm/lmtt10
.pfb>
Output written on ./build/principal.pdf (62 pages, 34889803 bytes).
PDF statistics:
 1243 PDF objects out of 1440 (max. 8388607)
 1009 compressed objects within 11 object streams
 419 named destinations out of 1000 (max. 500000)
 928 words of extra memory for PDF output out of 10000 (max. 10000000)

